#
# A fatal error has been detected by the Java Runtime Environment:
#
#  EXCEPTION_ACCESS_VIOLATION (0xc0000005) at pc=0x000000005f2d263a, pid=29512, tid=9904
#
# JRE version: 7.0_25-b17
# Java VM: Java HotSpot(TM) 64-Bit Server VM (23.25-b01 mixed mode windows-amd64 compressed oops)
# Problematic frame:
# C  [glass.dll+0x1263a]  Java_com_sun_glass_events_KeyEvent__1getKeyCodeForChar+0x162a
#
# Failed to write core dump. Minidumps are not enabled by default on client versions of Windows
#
# If you would like to submit a bug report, please visit:
#   http://bugreport.sun.com/bugreport/crash.jsp
# The crash happened outside the Java Virtual Machine in native code.
# See problematic frame for where to report the bug.
#

---------------  T H R E A D  ---------------

Current thread (0x000000000b476800):  JavaThread "JavaFX Application Thread" [_thread_in_native, id=9904, stack(0x000000000c050000,0x000000000c150000)]

siginfo: ExceptionCode=0xc0000005, reading address 0x000000000ecd08b0

Registers:
RAX=0x0000000023f00002, RBX=0x000000000de35bd8, RCX=0x000000000ecd08b0, RDX=0x000007f7d0f76000
RSP=0x000000000c14c6c0, RBP=0x0000000000000401, RSI=0x000000000c14c9a0, RDI=0x0000000000000000
R8 =0x00000000021e1080, R9 =0x0000000000000401, R10=0x0000000000000000, R11=0x0000000000000202
R12=0x0000000000000000, R13=0x00000000001f0da2, R14=0x000000005f2c11f0, R15=0x000000000c14c9a0
RIP=0x000000005f2d263a, EFLAGS=0x0000000000010202

Top of Stack: (sp=0x000000000c14c6c0)
0x000000000c14c6c0:   000000000000c000 0000000000180001
0x000000000c14c6d0:   000000005f2dc0a5 000000005f2c1258
0x000000000c14c6e0:   000000000b474910 000000005f2c4efa
0x000000000c14c6f0:   000000000c14c9a0 000000000c14c9a0
0x000000000c14c700:   000000000c14c9a0 0000000000000000
0x000000000c14c710:   0000000000000401 000000005f2c1f73
0x000000000c14c720:   0000000000000000 0000000000000401
0x000000000c14c730:   00000000024bc0a5 00000000ffffffff
0x000000000c14c740:   000000000c14c9a0 000000005f2c1258
0x000000000c14c750:   0000000000000401 000000000b474910
0x000000000c14c760:   0000000000000000 00000000001f0da2
0x000000000c14c770:   0000000000000000 000007fbd0f2171e
0x000000000c14c780:   0000000000000001 000000000c14c8b0
0x000000000c14c790:   0000000000000000 0000000000000401
0x000000000c14c7a0:   000007fbd0f21742 00000000f9ff8300
0x000000000c14c7b0:   0000000000000001 0000000000000000 

Instructions: (pc=0x000000005f2d263a)
0x000000005f2d261a:   15 a9 9b 00 00 3c 06 75 47 ff 15 9f 9b 00 00 66
0x000000005f2d262a:   c1 e8 08 3c 01 72 39 48 8b 4b 30 48 85 c9 74 0a
0x000000005f2d263a:   48 8b 01 ff 50 10 48 89 7b 30 48 8b 4b 38 48 85
0x000000005f2d264a:   c9 74 0a 48 8b 01 ff 50 10 48 89 7b 38 48 8b 4b 


Register to memory mapping:

RAX=0x0000000023f00002 is an unknown value
RBX=0x000000000de35bd8 is an unknown value
RCX=0x000000000ecd08b0 is an unknown value
RDX=0x000007f7d0f76000 is an unknown value
RSP=0x000000000c14c6c0 is pointing into the stack for thread: 0x000000000b476800
RBP=0x0000000000000401 is an unknown value
RSI=0x000000000c14c9a0 is pointing into the stack for thread: 0x000000000b476800
RDI=0x0000000000000000 is an unknown value
R8 =0x00000000021e1080 is an unknown value
R9 =0x0000000000000401 is an unknown value
R10=0x0000000000000000 is an unknown value
R11=0x0000000000000202 is an unknown value
R12=0x0000000000000000 is an unknown value
R13=0x00000000001f0da2 is an unknown value
R14=0x000000005f2c11f0 is an unknown value
R15=0x000000000c14c9a0 is pointing into the stack for thread: 0x000000000b476800


Stack: [0x000000000c050000,0x000000000c150000],  sp=0x000000000c14c6c0,  free space=1009k
Native frames: (J=compiled Java code, j=interpreted, Vv=VM code, C=native code)
C  [glass.dll+0x1263a]  Java_com_sun_glass_events_KeyEvent__1getKeyCodeForChar+0x162a

Java frames: (J=compiled Java code, j=interpreted, Vv=VM code)
j  com.sun.glass.ui.win.WinWindow._close(J)Z+0
j  com.sun.glass.ui.Window.close()V+51
j  com.sun.javafx.tk.quantum.WindowStage.close()V+15
j  javafx.stage.Window$10.invalidated()V+567
j  javafx.beans.property.BooleanPropertyBase.markInvalid()V+13
j  javafx.beans.property.BooleanPropertyBase.set(Z)V+31
j  javafx.stage.Window.setShowing(Z)V+11
j  javafx.stage.Window.hide()V+2
j  com.sun.javafx.stage.WindowCloseRequestHandler.dispatchBubblingEvent(Ljavafx/event/Event;)Ljavafx/event/Event;+14
j  com.sun.javafx.event.CompositeEventDispatcher.dispatchBubblingEvent(Ljavafx/event/Event;)Ljavafx/event/Event;+11
j  com.sun.javafx.event.BasicEventDispatcher.dispatchEvent(Ljavafx/event/Event;Ljavafx/event/EventDispatchChain;)Ljavafx/event/Event;+29
J  com.sun.javafx.event.EventDispatchChainImpl.dispatchEvent(Ljavafx/event/Event;)Ljavafx/event/Event;
j  com.sun.javafx.event.EventUtil.fireEventImpl(Ljavafx/event/EventDispatchChain;Ljavafx/event/EventTarget;Ljavafx/event/Event;)Ljavafx/event/Event;+10
j  com.sun.javafx.event.EventUtil.fireEvent(Ljavafx/event/EventTarget;Ljavafx/event/Event;)Ljavafx/event/Event;+46
j  javafx.event.Event.fireEvent(Ljavafx/event/EventTarget;Ljavafx/event/Event;)V+30
j  com.sun.javafx.stage.WindowPeerListener.closing()V+18
j  com.sun.javafx.tk.quantum.GlassWindowEventHandler.run()Ljava/lang/Void;+428
j  com.sun.javafx.tk.quantum.GlassWindowEventHandler.run()Ljava/lang/Object;+1
v  ~StubRoutines::call_stub
j  java.security.AccessController.doPrivileged(Ljava/security/PrivilegedAction;Ljava/security/AccessControlContext;)Ljava/lang/Object;+0
j  com.sun.javafx.tk.quantum.GlassWindowEventHandler.handleWindowEvent(Lcom/sun/glass/ui/Window;JI)V+28
j  com.sun.glass.ui.Window.handleWindowEvent(JI)V+14
j  com.sun.glass.ui.Window.notifyClose()V+7
v  ~StubRoutines::call_stub
j  com.sun.glass.ui.win.WinApplication._runLoop([Ljava/lang/String;Lcom/sun/glass/ui/Launchable;)V+0
j  com.sun.glass.ui.win.WinApplication.access$100(Lcom/sun/glass/ui/win/WinApplication;[Ljava/lang/String;Lcom/sun/glass/ui/Launchable;)V+3
j  com.sun.glass.ui.win.WinApplication$3$1.run()V+32
j  java.lang.Thread.run()V+11
v  ~StubRoutines::call_stub

---------------  P R O C E S S  ---------------

Java Threads: ( => current thread )
  0x000000000fc2b000 JavaThread "Keep-Alive-Timer" daemon [_thread_blocked, id=10332, stack(0x0000000013680000,0x0000000013780000)]
  0x000000000fc35000 JavaThread "URL-Loader-25" daemon [_thread_blocked, id=28264, stack(0x0000000012680000,0x0000000012780000)]
  0x000000000fc39800 JavaThread "URL-Loader-24" daemon [_thread_blocked, id=11056, stack(0x0000000012020000,0x0000000012120000)]
  0x000000000fc37000 JavaThread "Media Resource Disposer" daemon [_thread_blocked, id=28372, stack(0x000000001a080000,0x000000001a180000)]
  0x000000000df67800 JavaThread "Disposer" daemon [_thread_blocked, id=29244, stack(0x00000000102d0000,0x00000000103d0000)]
  0x000000000e0c8000 JavaThread "Prism Font Disposer" daemon [_thread_blocked, id=4052, stack(0x000000000eb40000,0x000000000ec40000)]
  0x000000000b50d800 JavaThread "Thread-2" daemon [_thread_in_native, id=13280, stack(0x000000000daf0000,0x000000000dbf0000)]
=>0x000000000b476800 JavaThread "JavaFX Application Thread" [_thread_in_native, id=9904, stack(0x000000000c050000,0x000000000c150000)]
  0x000000000b5b8800 JavaThread "Disposer" daemon [_thread_blocked, id=29408, stack(0x000000000bf50000,0x000000000c050000)]
  0x0000000008cfe000 JavaThread "QuantumRenderer-0" daemon [_thread_blocked, id=1788, stack(0x000000000b7c0000,0x000000000b8c0000)]
  0x0000000008cfc800 JavaThread "JavaFX-Launcher" [_thread_blocked, id=27124, stack(0x000000000b6c0000,0x000000000b7c0000)]
  0x0000000008cd6000 JavaThread "Service Thread" daemon [_thread_blocked, id=27680, stack(0x000000000b0c0000,0x000000000b1c0000)]
  0x0000000008ccf800 JavaThread "C2 CompilerThread1" daemon [_thread_blocked, id=15036, stack(0x000000000afc0000,0x000000000b0c0000)]
  0x0000000008cca800 JavaThread "C2 CompilerThread0" daemon [_thread_blocked, id=17444, stack(0x000000000aec0000,0x000000000afc0000)]
  0x0000000008cc9000 JavaThread "Attach Listener" daemon [_thread_blocked, id=25816, stack(0x000000000adc0000,0x000000000aec0000)]
  0x0000000008cc4000 JavaThread "Signal Dispatcher" daemon [_thread_blocked, id=8548, stack(0x000000000acc0000,0x000000000adc0000)]
  0x0000000008c5d800 JavaThread "Finalizer" daemon [_thread_blocked, id=28676, stack(0x000000000abc0000,0x000000000acc0000)]
  0x0000000008c56800 JavaThread "Reference Handler" daemon [_thread_blocked, id=5712, stack(0x000000000aac0000,0x000000000abc0000)]
  0x00000000023ad800 JavaThread "main" [_thread_blocked, id=8384, stack(0x0000000002250000,0x0000000002350000)]

Other Threads:
  0x0000000008c52000 VMThread [stack: 0x000000000a9c0000,0x000000000aac0000] [id=17208]
  0x0000000008cf1000 WatcherThread [stack: 0x000000000b1c0000,0x000000000b2c0000] [id=23624]

VM state:not at safepoint (normal execution)

VM Mutex/Monitor currently owned by a thread: None

Heap
 PSYoungGen      total 325248K, used 284912K [0x00000000eb400000, 0x0000000100000000, 0x0000000100000000)
  eden space 310656K, 91% used [0x00000000eb400000,0x00000000fca0c2b0,0x00000000fe360000)
  from space 14592K, 1% used [0x00000000ff150000,0x00000000ff180000,0x00000000fff90000)
  to   space 14272K, 0% used [0x00000000fe360000,0x00000000fe360000,0x00000000ff150000)
 ParOldGen       total 57856K, used 29851K [0x00000000c1c00000, 0x00000000c5480000, 0x00000000eb400000)
  object space 57856K, 51% used [0x00000000c1c00000,0x00000000c3926cd0,0x00000000c5480000)
 PSPermGen       total 45120K, used 22636K [0x00000000bca00000, 0x00000000bf610000, 0x00000000c1c00000)
  object space 45120K, 50% used [0x00000000bca00000,0x00000000be01b1e0,0x00000000bf610000)

Card table byte_map: [0x0000000005570000,0x0000000005790000] byte_map_base: 0x0000000004f8b000

Polling page: 0x0000000000780000

Code Cache  [0x00000000024b0000, 0x0000000002720000, 0x00000000054b0000)
 total_blobs=1342 nmethods=717 adapters=575 free_code_cache=46982Kb largest_free_block=48060672

Compilation events (10 events):
Event: 77.289 Thread 0x0000000008cca800  751             javafx.beans.property.StringPropertyBase::get (32 bytes)
Event: 77.290 Thread 0x0000000008cca800 nmethod 751 0x00000000026c6bd0 code [0x00000000026c6d20, 0x00000000026c6dc8]
Event: 77.302 Thread 0x0000000008ccf800  752             javafx.scene.Parent::impl_processCSS (79 bytes)
Event: 77.307 Thread 0x0000000008ccf800 nmethod 752 0x00000000026c8010 code [0x00000000026c81a0, 0x00000000026c84b8]
Event: 78.372 Thread 0x0000000008cca800  753             com.sun.javafx.event.EventDispatchChainImpl::dispatchEvent (101 bytes)
Event: 78.373 Thread 0x0000000008cca800 nmethod 753 0x00000000026d8610 code [0x00000000026d8760, 0x00000000026d88d8]
Event: 78.457 Thread 0x0000000008ccf800  754             javafx.scene.Scene$MouseHandler::updateCursorFrame (61 bytes)
Event: 78.459 Thread 0x0000000008ccf800 nmethod 754 0x00000000026d8250 code [0x00000000026d83a0, 0x00000000026d84c8]
Event: 78.460 Thread 0x0000000008cca800  755             com.sun.javafx.event.EventDispatchChainImpl::reset (44 bytes)
Event: 78.464 Thread 0x0000000008cca800 nmethod 755 0x00000000026c7c90 code [0x00000000026c7dc0, 0x00000000026c7ed8]

GC Heap History (10 events):
Event: 35.939 GC heap before
{Heap before GC invocations=11 (full 0):
 PSYoungGen      total 218048K, used 214028K [0x00000000eb400000, 0x00000000f9920000, 0x0000000100000000)
  eden space 203968K, 100% used [0x00000000eb400000,0x00000000f7b30000,0x00000000f7b30000)
  from space 14080K, 71% used [0x00000000f89c0000,0x00000000f9393088,0x00000000f9780000)
  to   space 14912K, 0% used [0x00000000f7b30000,0x00000000f7b30000,0x00000000f89c0000)
 ParOldGen       total 42496K, used 23492K [0x00000000c1c00000, 0x00000000c4580000, 0x00000000eb400000)
  object space 42496K, 55% used [0x00000000c1c00000,0x00000000c32f13e0,0x00000000c4580000)
 PSPermGen       total 22592K, used 22553K [0x00000000bca00000, 0x00000000be010000, 0x00000000c1c00000)
  object space 22592K, 99% used [0x00000000bca00000,0x00000000be0065d8,0x00000000be010000)
Event: 35.948 GC heap after
Heap after GC invocations=11 (full 0):
 PSYoungGen      total 218880K, used 384K [0x00000000eb400000, 0x0000000100000000, 0x0000000100000000)
  eden space 203968K, 0% used [0x00000000eb400000,0x00000000eb400000,0x00000000f7b30000)
  from space 14912K, 2% used [0x00000000f7b30000,0x00000000f7b90000,0x00000000f89c0000)
  to   space 14912K, 0% used [0x00000000ff170000,0x00000000ff170000,0x0000000100000000)
 ParOldGen       total 42496K, used 33359K [0x00000000c1c00000, 0x00000000c4580000, 0x00000000eb400000)
  object space 42496K, 78% used [0x00000000c1c00000,0x00000000c3c93e68,0x00000000c4580000)
 PSPermGen       total 22592K, used 22553K [0x00000000bca00000, 0x00000000be010000, 0x00000000c1c00000)
  object space 22592K, 99% used [0x00000000bca00000,0x00000000be0065d8,0x00000000be010000)
}
Event: 35.948 GC heap before
{Heap before GC invocations=12 (full 1):
 PSYoungGen      total 218880K, used 384K [0x00000000eb400000, 0x0000000100000000, 0x0000000100000000)
  eden space 203968K, 0% used [0x00000000eb400000,0x00000000eb400000,0x00000000f7b30000)
  from space 14912K, 2% used [0x00000000f7b30000,0x00000000f7b90000,0x00000000f89c0000)
  to   space 14912K, 0% used [0x00000000ff170000,0x00000000ff170000,0x0000000100000000)
 ParOldGen       total 42496K, used 33359K [0x00000000c1c00000, 0x00000000c4580000, 0x00000000eb400000)
  object space 42496K, 78% used [0x00000000c1c00000,0x00000000c3c93e68,0x00000000c4580000)
 PSPermGen       total 22592K, used 22553K [0x00000000bca00000, 0x00000000be010000, 0x00000000c1c00000)
  object space 22592K, 99% used [0x00000000bca00000,0x00000000be0065d8,0x00000000be010000)
Event: 36.027 GC heap after
Heap after GC invocations=12 (full 1):
 PSYoungGen      total 218880K, used 0K [0x00000000eb400000, 0x0000000100000000, 0x0000000100000000)
  eden space 203968K, 0% used [0x00000000eb400000,0x00000000eb400000,0x00000000f7b30000)
  from space 14912K, 0% used [0x00000000f7b30000,0x00000000f7b30000,0x00000000f89c0000)
  to   space 14912K, 0% used [0x00000000ff170000,0x00000000ff170000,0x0000000100000000)
 ParOldGen       total 57856K, used 29531K [0x00000000c1c00000, 0x00000000c5480000, 0x00000000eb400000)
  object space 57856K, 51% used [0x00000000c1c00000,0x00000000c38d6cd0,0x00000000c5480000)
 PSPermGen       total 45120K, used 22544K [0x00000000bca00000, 0x00000000bf610000, 0x00000000c1c00000)
  object space 45120K, 49% used [0x00000000bca00000,0x00000000be004268,0x00000000bf610000)
}
Event: 50.116 GC heap before
{Heap before GC invocations=13 (full 1):
 PSYoungGen      total 218880K, used 203968K [0x00000000eb400000, 0x0000000100000000, 0x0000000100000000)
  eden space 203968K, 100% used [0x00000000eb400000,0x00000000f7b30000,0x00000000f7b30000)
  from space 14912K, 0% used [0x00000000f7b30000,0x00000000f7b30000,0x00000000f89c0000)
  to   space 14912K, 0% used [0x00000000ff170000,0x00000000ff170000,0x0000000100000000)
 ParOldGen       total 57856K, used 29531K [0x00000000c1c00000, 0x00000000c5480000, 0x00000000eb400000)
  object space 57856K, 51% used [0x00000000c1c00000,0x00000000c38d6cd0,0x00000000c5480000)
 PSPermGen       total 45120K, used 22601K [0x00000000bca00000, 0x00000000bf610000, 0x00000000c1c00000)
  object space 45120K, 50% used [0x00000000bca00000,0x00000000be012678,0x00000000bf610000)
Event: 50.123 GC heap after
Heap after GC invocations=13 (full 1):
 PSYoungGen      total 324928K, used 352K [0x00000000eb400000, 0x00000000fffe0000, 0x0000000100000000)
  eden space 310144K, 0% used [0x00000000eb400000,0x00000000eb400000,0x00000000fe2e0000)
  from space 14784K, 2% used [0x00000000ff170000,0x00000000ff1c8000,0x00000000fffe0000)
  to   space 14848K, 0% used [0x00000000fe2e0000,0x00000000fe2e0000,0x00000000ff160000)
 ParOldGen       total 57856K, used 29531K [0x00000000c1c00000, 0x00000000c5480000, 0x00000000eb400000)
  object space 57856K, 51% used [0x00000000c1c00000,0x00000000c38d6cd0,0x00000000c5480000)
 PSPermGen       total 45120K, used 22601K [0x00000000bca00000, 0x00000000bf610000, 0x00000000c1c00000)
  object space 45120K, 50% used [0x00000000bca00000,0x00000000be012678,0x00000000bf610000)
}
Event: 60.423 GC heap before
{Heap before GC invocations=14 (full 1):
 PSYoungGen      total 324928K, used 310496K [0x00000000eb400000, 0x00000000fffe0000, 0x0000000100000000)
  eden space 310144K, 100% used [0x00000000eb400000,0x00000000fe2e0000,0x00000000fe2e0000)
  from space 14784K, 2% used [0x00000000ff170000,0x00000000ff1c8000,0x00000000fffe0000)
  to   space 14848K, 0% used [0x00000000fe2e0000,0x00000000fe2e0000,0x00000000ff160000)
 ParOldGen       total 57856K, used 29531K [0x00000000c1c00000, 0x00000000c5480000, 0x00000000eb400000)
  object space 57856K, 51% used [0x00000000c1c00000,0x00000000c38d6cd0,0x00000000c5480000)
 PSPermGen       total 45120K, used 22617K [0x00000000bca00000, 0x00000000bf610000, 0x00000000c1c00000)
  object space 45120K, 50% used [0x00000000bca00000,0x00000000be016540,0x00000000bf610000)
Event: 60.424 GC heap after
Heap after GC invocations=14 (full 1):
 PSYoungGen      total 310400K, used 256K [0x00000000eb400000, 0x00000000fff90000, 0x0000000100000000)
  eden space 310144K, 0% used [0x00000000eb400000,0x00000000eb400000,0x00000000fe2e0000)
  from space 256K, 100% used [0x00000000fe2e0000,0x00000000fe320000,0x00000000fe320000)
  to   space 14592K, 0% used [0x00000000ff150000,0x00000000ff150000,0x00000000fff90000)
 ParOldGen       total 57856K, used 29795K [0x00000000c1c00000, 0x00000000c5480000, 0x00000000eb400000)
  object space 57856K, 51% used [0x00000000c1c00000,0x00000000c3918cd0,0x00000000c5480000)
 PSPermGen       total 45120K, used 22617K [0x00000000bca00000, 0x00000000bf610000, 0x00000000c1c00000)
  object space 45120K, 50% used [0x00000000bca00000,0x00000000be016540,0x00000000bf610000)
}
Event: 70.724 GC heap before
{Heap before GC invocations=15 (full 1):
 PSYoungGen      total 310400K, used 310400K [0x00000000eb400000, 0x00000000fff90000, 0x0000000100000000)
  eden space 310144K, 100% used [0x00000000eb400000,0x00000000fe2e0000,0x00000000fe2e0000)
  from space 256K, 100% used [0x00000000fe2e0000,0x00000000fe320000,0x00000000fe320000)
  to   space 14592K, 0% used [0x00000000ff150000,0x00000000ff150000,0x00000000fff90000)
 ParOldGen       total 57856K, used 29795K [0x00000000c1c00000, 0x00000000c5480000, 0x00000000eb400000)
  object space 57856K, 51% used [0x00000000c1c00000,0x00000000c3918cd0,0x00000000c5480000)
 PSPermGen       total 45120K, used 22620K [0x00000000bca00000, 0x00000000bf610000, 0x00000000c1c00000)
  object space 45120K, 50% used [0x00000000bca00000,0x00000000be017250,0x00000000bf610000)
Event: 70.725 GC heap after
Heap after GC invocations=15 (full 1):
 PSYoungGen      total 325248K, used 192K [0x00000000eb400000, 0x0000000100000000, 0x0000000100000000)
  eden space 310656K, 0% used [0x00000000eb400000,0x00000000eb400000,0x00000000fe360000)
  from space 14592K, 1% used [0x00000000ff150000,0x00000000ff180000,0x00000000fff90000)
  to   space 14272K, 0% used [0x00000000fe360000,0x00000000fe360000,0x00000000ff150000)
 ParOldGen       total 57856K, used 29851K [0x00000000c1c00000, 0x00000000c5480000, 0x00000000eb400000)
  object space 57856K, 51% used [0x00000000c1c00000,0x00000000c3926cd0,0x00000000c5480000)
 PSPermGen       total 45120K, used 22620K [0x00000000bca00000, 0x00000000bf610000, 0x00000000c1c00000)
  object space 45120K, 50% used [0x00000000bca00000,0x00000000be017250,0x00000000bf610000)
}

Deoptimization events (10 events):
Event: 8.168 Thread 0x0000000008cfe000 Uncommon trap -34 fr.pc 0x00000000025addb8
Event: 8.682 Thread 0x000000000b476800 Uncommon trap -83 fr.pc 0x000000000259e0a8
Event: 10.596 Thread 0x000000000b476800 Uncommon trap -34 fr.pc 0x00000000025f4444
Event: 12.993 Thread 0x000000000b476800 Uncommon trap -34 fr.pc 0x00000000025f4444
Event: 78.668 Thread 0x000000000b476800 Uncommon trap -34 fr.pc 0x0000000002673e2c
Event: 78.668 Thread 0x000000000b476800 Uncommon trap -34 fr.pc 0x0000000002578e0c
Event: 78.668 Thread 0x000000000b476800 Uncommon trap -34 fr.pc 0x0000000002578e0c
Event: 78.668 Thread 0x000000000b476800 Uncommon trap -34 fr.pc 0x0000000002691054
Event: 78.668 Thread 0x000000000b476800 Uncommon trap -34 fr.pc 0x0000000002578e0c
Event: 78.668 Thread 0x000000000b476800 Uncommon trap -34 fr.pc 0x0000000002673e2c

Internal exceptions (10 events):
Event: 11.894 Thread 0x000000000b476800 Threw 0x00000000ed833308 at C:\jdk7u2_64p\jdk7u25\hotspot\src\share\vm\prims\jvm.cpp:1235
Event: 13.982 Thread 0x000000000b476800 Threw 0x00000000ee474f90 at C:\jdk7u2_64p\jdk7u25\hotspot\src\share\vm\prims\jvm.cpp:1235
Event: 13.986 Thread 0x000000000fc31000 Threw 0x00000000eee9dd50 at C:\jdk7u2_64p\jdk7u25\hotspot\src\share\vm\prims\jvm.cpp:1235
Event: 16.125 Thread 0x000000000b476800 Threw 0x00000000ef40b4a8 at C:\jdk7u2_64p\jdk7u25\hotspot\src\share\vm\prims\jvm.cpp:1235
Event: 16.126 Thread 0x000000000b476800 Threw 0x00000000ef40ef78 at C:\jdk7u2_64p\jdk7u25\hotspot\src\share\vm\prims\jvm.cpp:1235
Event: 16.127 Thread 0x000000000b476800 Threw 0x00000000ef412670 at C:\jdk7u2_64p\jdk7u25\hotspot\src\share\vm\prims\jvm.cpp:1235
Event: 41.013 Thread 0x000000000b476800 Threw 0x00000000ef7e9968 at C:\jdk7u2_64p\jdk7u25\hotspot\src\share\vm\prims\jvm.cpp:1235
Event: 78.176 Thread 0x000000000b476800 Threw 0x00000000fc9dcbe0 at C:\jdk7u2_64p\jdk7u25\hotspot\src\share\vm\prims\jvm.cpp:1235
Event: 78.182 Thread 0x000000000b476800 Threw 0x00000000fc9dfb40 at C:\jdk7u2_64p\jdk7u25\hotspot\src\share\vm\prims\jvm.cpp:1235
Event: 79.469 Thread 0x000000000b476800 Threw 0x00000000fc9f9810 at C:\jdk7u2_64p\jdk7u25\hotspot\src\share\vm\prims\jvm.cpp:1235

Events (10 events):
Event: 78.668 Thread 0x000000000b476800 DEOPT PACKING pc=0x0000000002578e0c sp=0x000000000c14d450
Event: 78.668 Thread 0x000000000b476800 DEOPT UNPACKING pc=0x00000000024e9164 sp=0x000000000c14d390 mode 2
Event: 78.668 Thread 0x000000000b476800 DEOPT PACKING pc=0x0000000002673e2c sp=0x000000000c14d370
Event: 78.668 Thread 0x000000000b476800 DEOPT UNPACKING pc=0x00000000024e9164 sp=0x000000000c14d2c8 mode 2
Event: 78.721 Thread 0x000000000fc2c000 Thread exited: 0x000000000fc2c000
Event: 79.425 Executing VM operation: RevokeBias
Event: 79.425 Executing VM operation: RevokeBias done
Event: 79.425 Thread 0x000000000fc2d800 Thread exited: 0x000000000fc2d800
Event: 79.469 loading class 0x000000000b2f1ed0
Event: 79.469 loading class 0x000000000b2f1ed0 done


Dynamic libraries:
0x000007f7d1690000 - 0x000007f7d16c3000 	C:\Program Files\Java\jre7\bin\javaw.exe
0x000007fbd18e0000 - 0x000007fbd1aa0000 	C:\windows\SYSTEM32\ntdll.dll
0x000007fbd05d0000 - 0x000007fbd0707000 	C:\windows\system32\KERNEL32.DLL
0x000007fbcebd0000 - 0x000007fbcecc4000 	C:\windows\system32\KERNELBASE.dll
0x000007fbceda0000 - 0x000007fbcee7e000 	C:\windows\system32\ADVAPI32.dll
0x000007fbd0f20000 - 0x000007fbd106c000 	C:\windows\system32\USER32.dll
0x000007fbcb190000 - 0x000007fbcb3fa000 	C:\windows\WinSxS\amd64_microsoft.windows.common-controls_6595b64144ccf1df_6.0.9200.16579_none_418ab7ef718b27ef\COMCTL32.dll
0x000007fbd0520000 - 0x000007fbd05c5000 	C:\windows\system32\msvcrt.dll
0x000007fbd0720000 - 0x000007fbd0768000 	C:\windows\SYSTEM32\sechost.dll
0x000007fbd14b0000 - 0x000007fbd15f5000 	C:\windows\system32\RPCRT4.dll
0x000007fbd1790000 - 0x000007fbd18d1000 	C:\windows\system32\GDI32.dll
0x000007fbd0e90000 - 0x000007fbd0ec9000 	C:\windows\system32\IMM32.DLL
0x000007fbd1080000 - 0x000007fbd1196000 	C:\windows\system32\MSCTF.dll
0x000000005f050000 - 0x000000005f121000 	C:\Program Files\Java\jre7\bin\msvcr100.dll
0x000000005e530000 - 0x000000005ec3f000 	C:\Program Files\Java\jre7\bin\server\jvm.dll
0x000007fbc6b50000 - 0x000007fbc6b59000 	C:\windows\SYSTEM32\WSOCK32.dll
0x000007fbc9110000 - 0x000007fbc9130000 	C:\windows\SYSTEM32\WINMM.dll
0x000007fbd1780000 - 0x000007fbd1787000 	C:\windows\system32\PSAPI.DLL
0x000007fbd0e30000 - 0x000007fbd0e88000 	C:\windows\system32\WS2_32.dll
0x000007fbc90d0000 - 0x000007fbc9103000 	C:\windows\SYSTEM32\WINMMBASE.dll
0x000007fbd1070000 - 0x000007fbd1079000 	C:\windows\system32\NSI.dll
0x000007fbce840000 - 0x000007fbce88f000 	C:\windows\SYSTEM32\cfgmgr32.dll
0x000007fbce9a0000 - 0x000007fbce9c2000 	C:\windows\system32\DEVOBJ.dll
0x000000005f040000 - 0x000000005f04f000 	C:\Program Files\Java\jre7\bin\verify.dll
0x000000005f010000 - 0x000000005f038000 	C:\Program Files\Java\jre7\bin\java.dll
0x000000005ee60000 - 0x000000005ee75000 	C:\Program Files\Java\jre7\bin\zip.dll
0x000000005f300000 - 0x000000005f30f000 	C:\Program Files\Java\jre7\bin\prism-d3d.dll
0x000007fbc21d0000 - 0x000007fbc23d0000 	C:\windows\system32\d3d9.dll
0x000007fbcbcb0000 - 0x000007fbcbcb9000 	C:\windows\SYSTEM32\VERSION.dll
0x000007fbcce10000 - 0x000007fbcce31000 	C:\windows\SYSTEM32\dwmapi.dll
0x000007fbcd570000 - 0x000007fbcd656000 	C:\windows\system32\uxtheme.dll
0x000007fbcbed0000 - 0x000007fbcbfc3000 	C:\windows\SYSTEM32\nvumdshimx.dll
0x000007fbd0350000 - 0x000007fbd0520000 	C:\windows\system32\SETUPAPI.dll
0x000007fbcbc00000 - 0x000007fbcbc40000 	C:\windows\SYSTEM32\nvinitx.dll
0x000007fbcae00000 - 0x000007fbcb0c1000 	C:\windows\SYSTEM32\nvapi64.dll
0x000007fbd1600000 - 0x000007fbd177e000 	C:\windows\system32\ole32.dll
0x000007fbcecd0000 - 0x000007fbced93000 	C:\windows\system32\OLEAUT32.dll
0x000007fbd0ed0000 - 0x000007fbd0f20000 	C:\windows\system32\SHLWAPI.dll
0x000007fbcee80000 - 0x000007fbd0160000 	C:\windows\system32\SHELL32.dll
0x000007fbd1300000 - 0x000007fbd14b0000 	C:\windows\SYSTEM32\combase.dll
0x000007fbce890000 - 0x000007fbce8e5000 	C:\windows\system32\WINTRUST.dll
0x000007fbce9f0000 - 0x000007fbcebc1000 	C:\windows\system32\CRYPT32.dll
0x000007fbce800000 - 0x000007fbce816000 	C:\windows\system32\MSASN1.dll
0x000007fbaf410000 - 0x000007fbb002f000 	C:\windows\system32\igdumd64.dll
0x000000005f2c0000 - 0x000000005f2f2000 	C:\Program Files\Java\jre7\bin\glass.dll
0x000007fbd01f0000 - 0x000007fbd0291000 	C:\windows\system32\COMDLG32.dll
0x000007fbcd950000 - 0x000007fbcd9e5000 	C:\windows\SYSTEM32\SHCORE.DLL
0x000007fbce5b0000 - 0x000007fbce5ba000 	C:\windows\SYSTEM32\CRYPTBASE.dll
0x000007fbce550000 - 0x000007fbce5ac000 	C:\windows\SYSTEM32\bcryptPrimitives.dll
0x000000005f270000 - 0x000000005f2c0000 	C:\Program Files\Java\jre7\bin\javafx-font.dll
0x000007fbd02a0000 - 0x000007fbd0336000 	C:\windows\SYSTEM32\clbcatq.dll
0x000007fbcc7e0000 - 0x000007fbcc973000 	C:\windows\SYSTEM32\WindowsCodecs.dll
0x000007fbce820000 - 0x000007fbce835000 	C:\windows\system32\profapi.dll
0x000000005e510000 - 0x000000005e529000 	C:\Program Files\Java\jre7\bin\net.dll
0x000007fbcdfc0000 - 0x000007fbce01c000 	C:\windows\system32\mswsock.dll
0x000000005e4f0000 - 0x000000005e501000 	C:\Program Files\Java\jre7\bin\nio.dll
0x000007fbcde00000 - 0x000007fbcde98000 	C:\windows\SYSTEM32\DNSAPI.dll
0x000007fbc6670000 - 0x000007fbc6678000 	C:\Windows\System32\rasadhlp.dll
0x000007fbcb600000 - 0x000007fbcb62a000 	C:\windows\SYSTEM32\IPHLPAPI.DLL
0x000007fbcb5f0000 - 0x000007fbcb5fa000 	C:\windows\SYSTEM32\WINNSI.DLL
0x000007fbc8ae0000 - 0x000007fbc8b41000 	C:\windows\System32\fwpuclnt.dll
0x000000005f230000 - 0x000000005f26a000 	C:\Program Files\Java\jre7\bin\javafx-iio.dll
0x000000005ecb0000 - 0x000000005ed42000 	C:\Program Files\Java\jre7\bin\libxml2.dll
0x000000005ec70000 - 0x000000005eca3000 	C:\Program Files\Java\jre7\bin\libxslt.dll
0x000000005d510000 - 0x000000005e348000 	C:\Program Files\Java\jre7\bin\jfxwebkit.dll
0x000007fbce020000 - 0x000007fbce03a000 	C:\windows\SYSTEM32\CRYPTSP.dll
0x000007fbcdcc0000 - 0x000007fbcdd0b000 	C:\windows\system32\rsaenh.dll
0x000000005d480000 - 0x000000005d50a000 	C:\Program Files\Java\jre7\bin\glib-lite.dll
0x000000005d3e0000 - 0x000000005d47e000 	C:\Program Files\Java\jre7\bin\gstreamer-lite.dll
0x000007fbbc3c0000 - 0x000007fbbc44b000 	C:\windows\SYSTEM32\DSOUND.dll
0x000007fbce710000 - 0x000007fbce753000 	C:\windows\SYSTEM32\POWRPROF.dll
0x000000005ec40000 - 0x000000005ec63000 	C:\Program Files\Java\jre7\bin\jfxmedia.dll
0x000007fbce520000 - 0x000007fbce54d000 	C:\windows\SYSTEM32\SspiCli.dll
0x000000005d3b0000 - 0x000000005d3e0000 	C:\Program Files\Java\jre7\bin\fxplugins.dll
0x000007fbb93c0000 - 0x000007fbb9481000 	C:\Windows\System32\MFPlat.DLL
0x000007fbcbe70000 - 0x000007fbcbe79000 	C:\Windows\System32\AVRT.dll
0x000007fbcbcc0000 - 0x000007fbcbd22000 	C:\windows\System32\MMDevApi.dll
0x000007fbc8a60000 - 0x000007fbc8ad2000 	C:\windows\SYSTEM32\AUDIOSES.DLL
0x000007fbccbe0000 - 0x000007fbccd43000 	C:\windows\SYSTEM32\dbghelp.dll

VM Arguments:
jvm_args: -Dfile.encoding=Cp1252 
java_command: application.Main
Launcher Type: SUN_STANDARD

Environment Variables:
PATH=C:\Program Files (x86)\NVIDIA Corporation\PhysX\Common;C:\Program Files (x86)\Intel\iCLS Client\;C:\Program Files\Intel\iCLS Client\;C:\windows\system32;C:\windows;C:\windows\System32\Wbem;C:\windows\System32\WindowsPowerShell\v1.0\;C:\Program Files\Intel\Intel(R) Management Engine Components\DAL;C:\Program Files\Intel\Intel(R) Management Engine Components\IPT;C:\Program Files (x86)\Intel\Intel(R) Management Engine Components\DAL;C:\Program Files (x86)\Intel\Intel(R) Management Engine Components\IPT;C:\Program Files (x86)\Intel\OpenCL SDK\2.0\bin\x86;C:\Program Files (x86)\Intel\OpenCL SDK\2.0\bin\x64;C:\Program Files\MATLAB\R2013b\bin;C:\Program Files\MATLAB\R2013a\bin;C:\Program Files\Intel\WiFi\bin\;C:\Program Files\Common Files\Intel\WirelessCommon\
USERNAME=Pierre-Alexandre
OS=Windows_NT
PROCESSOR_IDENTIFIER=Intel64 Family 6 Model 58 Stepping 9, GenuineIntel



---------------  S Y S T E M  ---------------

OS: Windows 8 , 64 bit Build 9200 

CPU:total 8 (4 cores per cpu, 2 threads per core) family 6 model 58 stepping 9, cmov, cx8, fxsr, mmx, sse, sse2, sse3, ssse3, sse4.1, sse4.2, popcnt, avx, ht, tsc, tscinvbit, tscinv

Memory: 4k page, physical 4075740k(1017028k free), swap 8614928k(3202596k free)

vm_info: Java HotSpot(TM) 64-Bit Server VM (23.25-b01) for windows-amd64 JRE (1.7.0_25-b17), built on Jun 21 2013 12:58:32 by "java_re" with unknown MS VC++:1600

time: Fri May 30 18:52:49 2014
elapsed time: 79 seconds

